app/build/intermediates/manifest_merge_blame_file/debug/manifest-merger-blame-debug-report.txt
1<?xml version="1.0" encoding="utf-8"?>
2<manifest xmlns:android="http://schemas.android.com/apk/res/android"
3    package="com.masai.myapplication111"
4    android:versionCode="1"
5    android:versionName="1.0" >
6
7    <uses-sdk
8        android:minSdkVersion="26"
8-->src/main/AndroidManifest.xml
9        android:targetSdkVersion="30" />
9-->src/main/AndroidManifest.xml
10
11    <uses-permission android:name="android.permission.CAMERA" />
11-->src/main/AndroidManifest.xml:4:5-64
11-->src/main/AndroidManifest.xml:4:22-62
12
13    <application
13-->src/main/AndroidManifest.xml:6:5-21:19
14        android:allowBackup="true"
14-->src/main/AndroidManifest.xml:7:9-35
15        android:appComponentFactory="androidx.core.app.CoreComponentFactory"
15-->[androidx.core:core:1.5.0] AndroidManifest.xml:24:18-86
16        android:debuggable="true"
17        android:extractNativeLibs="false"
18        android:icon="@mipmap/ic_launcher"
18-->src/main/AndroidManifest.xml:8:9-43
19        android:label="@string/app_name"
19-->src/main/AndroidManifest.xml:9:9-41
20        android:roundIcon="@mipmap/ic_launcher_round"
20-->src/main/AndroidManifest.xml:10:9-54
21        android:supportsRtl="true"
21-->src/main/AndroidManifest.xml:11:9-35
22        android:testOnly="true"
23        android:theme="@style/Theme.MyApplication111" >
23-->src/main/AndroidManifest.xml:12:9-54
24        <activity android:name="com.masai.myapplication111.ScannerActivity" />
24-->src/main/AndroidManifest.xml:13:9-62
24-->src/main/AndroidManifest.xml:13:19-50
25        <activity android:name="com.masai.myapplication111.MainActivity" >
25-->src/main/AndroidManifest.xml:14:9-20:20
25-->src/main/AndroidManifest.xml:14:19-47
26            <intent-filter>
26-->src/main/AndroidManifest.xml:15:13-19:29
27                <action android:name="android.intent.action.MAIN" />
27-->src/main/AndroidManifest.xml:16:17-69
27-->src/main/AndroidManifest.xml:16:25-66
28
29                <category android:name="android.intent.category.LAUNCHER" />
29-->src/main/AndroidManifest.xml:18:17-77
29-->src/main/AndroidManifest.xml:18:27-74
30            </intent-filter>
31        </activity>
32    </application>
33
34</manifest>